Arguments: 
  /usr/local/bin/node /usr/local/bin/yarn remove swiper

PATH: 
  /Users/bazinga/anaconda3/bin:/Users/bazinga/anaconda3/condabin:/Library/Frameworks/Python.framework/Versions/3.7/bin:/usr/local/Cellar/mongodb/4.0.4/bin:/usr/local/bin:/usr/local/sbin:~/bin:/usr/local/bin:/usr/bin:/bin:/usr/sbin:/sbin:/Library/Java/JavaVirtualMachines/jdk1.8.0_131.jdk/Contents/Home::/platform-tools:/tools:/Library/Java/JavaVirtualMachines/jdk1.8.0_131.jdk/Contents/Home:/Library/Java/JavaVirtualMachines/jdk1.8.0_131.jdk/Contents/Home/bin

Yarn version: 
  1.5.1

Node version: 
  12.13.0

Platform: 
  darwin x64

npm manifest: 
  {
    "name": "web",
    "version": "0.1.0",
    "private": true,
    "scripts": {
      "serve": "vue-cli-service serve",
      "build": "vue-cli-service build",
      "lint": "vue-cli-service lint"
    },
    "dependencies": {
      "axios": "^0.19.2",
      "core-js": "^3.6.4",
      "element-ui": "^2.4.5",
      "install": "^0.13.0",
      "swiper": "^5.3.6",
      "vue": "^2.6.11",
      "vue-awesome-swiper": "^4.1.0",
      "vue-router": "^3.1.6",
      "vue-video-player": "^5.0.2"
    },
    "devDependencies": {
      "@vue/cli-plugin-babel": "~4.3.0",
      "@vue/cli-plugin-eslint": "~4.3.0",
      "@vue/cli-plugin-router": "~4.3.0",
      "@vue/cli-service": "~4.3.0",
      "@vue/eslint-config-standard": "^5.1.2",
      "babel-eslint": "^10.1.0",
      "babel-plugin-component": "^1.1.1",
      "eslint": "^6.7.2",
      "eslint-plugin-import": "^2.20.2",
      "eslint-plugin-node": "^11.1.0",
      "eslint-plugin-promise": "^4.2.1",
      "eslint-plugin-standard": "^4.0.0",
      "eslint-plugin-vue": "^6.2.2",
      "less": "^3.11.1",
      "less-loader": "^5.0.0",
      "vue-cli-plugin-element": "^1.0.1",
      "vue-template-compiler": "^2.6.11"
    }
  }

yarn manifest: 
  No manifest

Lockfile: 
  No lockfile

Trace: 
  Error: No lockfile in this directory. Run `yarn install` to generate one.
      at new MessageError (/usr/local/lib/node_modules/yarn/lib/cli.js:186:110)
      at /usr/local/lib/node_modules/yarn/lib/cli.js:89389:13
